生成启动时间为 9/28/2015 1:49:22 AM。
     1>项目“C:\Java And Inspiration\8.Java And ComputerGraphics\Fluid\vs2010\Fluid.vcxproj”在节点 2 上(build 个目标)。
     1>InitializeBuildStatus:
         正在创建“Release\Fluid.unsuccessfulbuild”，因为已指定“AlwaysCreate”。
       ClCompile:
         c:\Program Files\Microsoft Visual Studio 10.0\VC\bin\CL.exe /c /I../lib/glew /I../lib/glsl /I../lib/glsw /Zi /nologo /W3 /WX- /O2 /Oi /Oy- /GL /D GLEW_STATIC /D WIN32 /D NDEBUG /D _WINDOWS /Gm- /EHsc /MD /GS /Gy /fp:precise /Zc:wchar_t /Zc:forScope /Fo"Release\\" /Fd"Release\vc100.pdb" /Gd /TP /wd4996 /analyze- /errorReport:prompt ..\Fluid.c
         Fluid.c
       Link:
         c:\Program Files\Microsoft Visual Studio 10.0\VC\bin\link.exe /ERRORREPORT:PROMPT /OUT:"C:\Java And Inspiration\8.Java And ComputerGraphics\Fluid\vs2010\Release\Fluid.exe" /INCREMENTAL:NO /NOLOGO opengl32.lib kernel32.lib user32.lib gdi32.lib winspool.lib comdlg32.lib advapi32.lib shell32.lib ole32.lib oleaut32.lib uuid.lib odbc32.lib odbccp32.lib kernel32.lib user32.lib gdi32.lib winspool.lib comdlg32.lib advapi32.lib shell32.lib ole32.lib oleaut32.lib uuid.lib odbc32.lib odbccp32.lib /MANIFEST /ManifestFile:"Release\Fluid.exe.intermediate.manifest" /MANIFESTUAC:"level='asInvoker' uiAccess='false'" /DEBUG /PDB:"C:\Java And Inspiration\8.Java And ComputerGraphics\Fluid\vs2010\Release\Fluid.pdb" /SUBSYSTEM:WINDOWS /OPT:REF /OPT:ICF /LTCG /TLBID:1 /DYNAMICBASE /NXCOMPAT /IMPLIB:"C:\Java And Inspiration\8.Java And ComputerGraphics\Fluid\vs2010\Release\Fluid.lib" /MACHINE:X86 Release\CreateObstacles.obj
         Release\Fluid.obj
         Release\CreateQuad.obj
         Release\CreateProgram.obj
         Release\SlabOps.obj
         Release\CreateSlab.obj
         "C:\Java And Inspiration\8.Java And ComputerGraphics\Fluid\vs2010\Release\OpenGL.lib"
         正在生成代码
         已完成代码的生成
         Fluid.vcxproj -> C:\Java And Inspiration\8.Java And ComputerGraphics\Fluid\vs2010\Release\Fluid.exe
       Manifest:
         c:\Program Files\Microsoft SDKs\Windows\v7.0A\bin\mt.exe /nologo /verbose /outputresource:"C:\Java And Inspiration\8.Java And ComputerGraphics\Fluid\vs2010\Release\Fluid.exe;#1" /manifest Release\Fluid.exe.intermediate.manifest
       FinalizeBuildStatus:
         正在删除文件“Release\Fluid.unsuccessfulbuild”。
         正在对“Release\Fluid.lastbuildstate”执行 Touch 任务。
     1>已完成生成项目“C:\Java And Inspiration\8.Java And ComputerGraphics\Fluid\vs2010\Fluid.vcxproj”(build 个目标)的操作。

生成成功。

已用时间 00:00:08.28
